

Version:	3.50
CmdLine:	C:\Users\jayng\Desktop\Education\study\College\Java Programming\Assignments\taskmanager\TaskManager.exe --l4j-debug
JNI:		No
WOW64:		Yes
Working dir:	C:\Users\jayng\Desktop\Education\study\College\Java Programming\Assignments\taskmanager\.
Requires JDK:	No
Requires 64-Bit: No
Java min ver:	
Java max ver:	
Substitute:	JAVA_HOME = C:\Program Files\Java\jdk-21
Substitute:	PATH = C:\Program Files (x86)\VMware\VMware Workstation\bin\;C:\Program Files\Common Files\Oracle\Java\javapath;C:\Python311\Scripts\;C:\Python311\;C:\WINDOWS\system32;C:\WINDOWS;C:\WINDOWS\System32\Wbem;C:\WINDOWS\System32\WindowsPowerShell\v1.0\;C:\WINDOWS\System32\OpenSSH\;C:\ProgramData\chocolatey\bin;C:\Program Files\dotnet\;C:\Program Files (x86)\NVIDIA Corporation\PhysX\Common;C:\Program Files\NVIDIA Corporation\NVIDIA NvDLISR;C:\Program Files\MySQL\MySQL Server 8.0\bin;C:\Program Files\Git\cmd;C:\xampp\php;C:\ProgramData\ComposerSetup\bin;C:\Program Files\starship\bin\;C:\Users\jayng\scoop\apps\symfony-cli\5.5.8;C:\msys64\mingw64\bin;C:\Program Files\nodejs\;C:\Program Files\Cloudflare\Cloudflare WARP\;C:\Program Files\PowerShell\7\;C:\Program Files\Java\jdk-21\bin;C:\apache-maven-3.9.6\bin;C:\Users\jayng\.symfony5\tmp\ckl5cpkiadp0po1o36lg\bin;C:\xampp\php;C:\Program Files\PowerShell\7;C:\Python311\Scripts\;C:\Python311\;C:\WINDOWS\system32;C:\WINDOWS;C:\WINDOWS\System32\Wbem;C:\WINDOWS\System32\WindowsPowerShell\v1.0\;C:\WINDOWS\System32\OpenSSH\;C:\ProgramData\chocolatey\bin;C:\Program Files\dotnet\;C:\Program Files (x86)\NVIDIA Corporation\PhysX\Common;C:\Program Files\NVIDIA Corporation\NVIDIA NvDLISR;C:\Program Files\MySQL\MySQL Server 8.0\bin;C:\Program Files\Git\cmd;C:\ProgramData\ComposerSetup\bin;C:\Program Files\starship\bin\;C:\Users\jayng\scoop\apps\symfony-cli\5.5.8;C:\msys64\mingw64\bin;C:\Program Files\nodejs\;C:\Program Files\PowerShell\7\;C:\Users\jayng\.symfony5\tmp\ck9q4lciadp3es7700ag\bin;C:\php-8.2.0;C:\Program Files\CMake\bin;C:\Program Files\Docker\Docker\resources\bin;C:\Users\jayng\scoop\apps\gcc\current\bin;C:\Users\jayng\scoop\shims;C:\Users\jayng\AppData\Local\Microsoft\WindowsApps;C:\Users\Administrator\Ubuntu;C:\Users\jayng\AppData\Local\Programs\Microsoft VS Code\b;C:\Users\jayng\.dotnet\tools;C:\Users\jayng\AppData\Local\Programs\Microsoft VS Code\bin;;C:\Program Files\JetBrains\IntelliJ IDEA Community Edition 2023.3\bin;;C:\Program Files\Java\jdk-21\bin
JRE paths:	C:\Program Files\Java\jdk-21;C:\Program Files (x86)\VMware\VMware Workstation\bin\;C:\Program Files\Common Files\Oracle\Java\javapath;C:\Python311\Scripts\;C:\Python311\;C:\WINDOWS\system32;C:\WINDOWS;C:\WINDOWS\System32\Wbem;C:\WINDOWS\System32\WindowsPowerShell\v1.0\;C:\WINDOWS\System32\OpenSSH\;C:\ProgramData\chocolatey\bin;C:\Program Files\dotnet\;C:\Program Files (x86)\NVIDIA Corporation\PhysX\Common;C:\Program Files\NVIDIA Corporation\NVIDIA NvDLISR;C:\Program Files\MySQL\MySQL Server 8.0\bin;C:\Program Files\Git\cmd;C:\xampp\php;C:\ProgramData\ComposerSetup\bin;C:\Program Files\starship\bin\;C:\Users\jayng\scoop\apps\symfony-cli\5.5.8;C:\msys64\mingw64\bin;C:\Program Files\nodejs\;C:\Program Files\Cloudflare\Cloudflare WARP\;C:\Program Files\PowerShell\7\;C:\Program Files\Java\jdk-21\bin;C:\apache-maven-3.9.6\bin;C:\Users\jayng\.symfony5\tmp\ckl5cpkiadp0po1o36lg\bin;C:\xampp\php;C:\Program Files\PowerShell\7;C:\Python311\Scripts\;C:\Python311\;C:\WINDOWS\system32;C:\WINDOWS;C:\WINDOWS\System32\Wbem;C:\WINDOWS\System32\WindowsPowerShell\v1.0\;C:\WINDOWS\System32\OpenSSH\;C:\ProgramData\chocolatey\bin;C:\Program Files\dotnet\;C:\Program Files (x86)\NVIDIA Corporation\PhysX\Common;C:\Program Files\NVIDIA Corporation\NVIDIA NvDLISR;C:\Program Files\MySQL\MySQL Server 8.0\bin;C:\Program Files\Git\cmd;C:\ProgramData\ComposerSetup\bin;C:\Program Files\starship\bin\;C:\Users\jayng\scoop\apps\symfony-cli\5.5.8;C:\msys64\mingw64\bin;C:\Program Files\nodejs\;C:\Program Files\PowerShell\7\;C:\Users\jayng\.symfony5\tmp\ck9q4lciadp3es7700ag\bin;C:\php-8.2.0;C:\Program Files\CMake\bin;C:\Program Files\Docker\Docker\resources\bin;C:\Users\jayng\scoop\apps\gcc\current\bin;C:\Users\jayng\scoop\shims;C:\Users\jayng\AppData\Local\Microsoft\WindowsApps;C:\Users\Administrator\Ubuntu;C:\Users\jayng\AppData\Local\Programs\Microsoft VS Code\b;C:\Users\jayng\.dotnet\tools;C:\Users\jayng\AppData\Local\Programs\Microsoft VS Code\bin;;C:\Program Files\JetBrains\IntelliJ IDEA Community Edition 2023.3\bin;;C:\Program Files\Java\jdk-21\bin
Check launcher:	C:\Program Files\Java\jdk-21\bin\javaw.exe (OK)
Version string: 1.021.000_001 / 64-Bit (OK)
Main class:	taskmanager.app.Main
Add classpath:	jdatepicker-1.3.4.jar
Add classpath:	jcalendar-1.4.jar
Launcher:	C:\Program Files\Java\jdk-21\bin\javaw.exe
Launcher args:	-classpath "C:\Users\jayng\Desktop\Education\study\College\Java Programming\Assignments\taskmanager\TaskManager.exe;jdatepicker-1.3.4.jar;jcalendar-1.4.jar" taskmanager.app.Main
Args length:	177/32768 chars
Exit code:	0
